INFO:__main__:Usuario admin creado: admin/admin123
 * Serving Flask app 'app'
 * Debug mode: on
INFO:werkzeug:[31m[1mWARNING: This is a development server. Do not use it in a production deployment. Use a production WSGI server instead.[0m
 * Running on all addresses (0.0.0.0)
 * Running on http://127.0.0.1:5001
 * Running on http://172.19.63.26:5001
INFO:werkzeug:[33mPress CTRL+C to quit[0m
INFO:werkzeug: * Restarting with stat
INFO:__main__:Usuario admin creado: admin/admin123
WARNING:werkzeug: * Debugger is active!
INFO:werkzeug: * Debugger PIN: 754-858-075
INFO:werkzeug: * Detected change in '/home/giova/projects/fullstack/microservicios/auth_service/app.py', reloading
INFO:werkzeug: * Restarting with stat
INFO:__main__:Usuario admin creado: admin/admin123
WARNING:werkzeug: * Debugger is active!
INFO:werkzeug: * Debugger PIN: 754-858-075
INFO:werkzeug: * Detected change in '/home/giova/projects/fullstack/microservicios/auth_service/app.py', reloading
INFO:werkzeug: * Restarting with stat
INFO:__main__:Usuario admin creado: admin/admin123
WARNING:werkzeug: * Debugger is active!
INFO:werkzeug: * Debugger PIN: 754-858-075
/home/giova/projects/fullstack/microservicios/auth_service/app.py:186: DeprecationWarning: datetime.datetime.utcnow() is deprecated and scheduled for removal in a future version. Use timezone-aware objects to represent datetimes in UTC: datetime.datetime.now(datetime.UTC).
  'created_at': datetime.utcnow(),
/home/giova/projects/fullstack/microservicios/auth_service/app.py:187: DeprecationWarning: datetime.datetime.utcnow() is deprecated and scheduled for removal in a future version. Use timezone-aware objects to represent datetimes in UTC: datetime.datetime.now(datetime.UTC).
  'updated_at': datetime.utcnow()
INFO:werkzeug:127.0.0.1 - - [12/Aug/2025 13:44:40] "[35m[1mPOST /register HTTP/1.1[0m" 201 -
INFO:werkzeug:127.0.0.1 - - [12/Aug/2025 13:45:05] "POST /login HTTP/1.1" 200 -
